<?xml version="1.0" encoding="UTF-8"?>
<!-- Generated by org.testng.reporters.JUnitReportReporter -->
<testsuite hostname="FFE-Pavankumar-Hebsur-FFE241" failures="0" tests="1" name="StandAlonetestTest" time="23.543" errors="0" timestamp="2024-02-05T11:01:39 IST" skipped="0">
  <testcase classname="StandAlonetestTest" name="submitOrder" time="23.543"/>
</testsuite> <!-- StandAlonetestTest -->
