<?xml version="1.0" encoding="UTF-8"?>
<!-- Generated by org.testng.reporters.JUnitReportReporter -->
<testsuite hostname="FFE-Pavankumar-Hebsur-FFE241" failures="0" tests="3" name="learning.SubmitOrderTest" time="38.390" errors="0" timestamp="2024-02-09T17:10:01 IST" skipped="0">
  <testcase classname="learning.SubmitOrderTest" name="orderHistoryTest" time="6.443"/>
  <testcase classname="learning.SubmitOrderTest" name="submitOrder" time="12.215"/>
  <testcase classname="learning.SubmitOrderTest" name="submitOrder" time="19.732"/>
</testsuite> <!-- learning.SubmitOrderTest -->
