<?xml version="1.0" encoding="UTF-8"?>
<!-- Generated by org.testng.reporters.JUnitReportReporter -->
<testsuite hostname="FFE-Pavankumar-Hebsur-FFE241" failures="0" tests="1" name="learning.StandAlonetestTest" time="19.400" errors="0" timestamp="2024-02-05T13:25:14 IST" skipped="0">
  <testcase classname="learning.StandAlonetestTest" name="submitOrder" time="19.400"/>
</testsuite> <!-- learning.StandAlonetestTest -->
