<?xml version="1.0" encoding="UTF-8"?>
<!-- Generated by org.testng.reporters.JUnitReportReporter -->
<testsuite hostname="FFE-Pavankumar-Hebsur-FFE241" failures="0" tests="1" name="ErrorValidation" time="8.639" errors="0" timestamp="2024-02-05T11:27:02 IST" skipped="0">
  <testcase classname="ErrorValidation" name="submitOrder" time="8.639"/>
</testsuite> <!-- ErrorValidation -->
