<?xml version="1.0" encoding="UTF-8"?>
<!-- Generated by org.testng.reporters.JUnitReportReporter -->
<testsuite hostname="FFE-Pavankumar-Hebsur-FFE241" failures="0" tests="3" name="learning.SubmitOrderTest" time="50.290" errors="0" timestamp="2024-02-09T18:40:46 IST" skipped="0">
  <testcase classname="learning.SubmitOrderTest" name="orderHistoryTest" time="13.601"/>
  <testcase classname="learning.SubmitOrderTest" name="submitOrder" time="15.608"/>
  <testcase classname="learning.SubmitOrderTest" name="submitOrder" time="21.081"/>
</testsuite> <!-- learning.SubmitOrderTest -->
